<?xml version="1.0" encoding="UTF-8"?>
<!-- Generated by org.testng.reporters.JUnitReportReporter -->
<testsuite hostname="DESKTOP-GVPH1DS" name="com.browserstack.suite.SuiteAddABill" tests="1" failures="0" timestamp="8 Aug 2018 08:11:49 GMT" time="230.345" errors="0">
  <testcase name="test_01" time="230.345" classname="com.browserstack.suite.SuiteAddABill"/>
</testsuite> <!-- com.browserstack.suite.SuiteAddABill -->
