<?xml version="1.0" encoding="UTF-8"?>
<!-- Generated by org.testng.reporters.JUnitReportReporter -->
<testsuite hostname="DESKTOP-GVPH1DS" name="com.browserstack.suite.SuiteAddABillAndAPay" tests="1" failures="0" timestamp="8 Aug 2018 08:11:49 GMT" time="246.733" errors="0">
  <testcase name="test_01" time="246.733" classname="com.browserstack.suite.SuiteAddABillAndAPay"/>
</testsuite> <!-- com.browserstack.suite.SuiteAddABillAndAPay -->
