<?xml version="1.0" encoding="UTF-8"?>
<!-- Generated by org.testng.reporters.JUnitReportReporter -->
<testsuite hostname="DESKTOP-GVPH1DS" name="com.browserstack.suite.SuiteAddABillAndAPay" tests="1" failures="0" timestamp="9 Aug 2018 11:28:47 GMT" time="232.695" errors="0">
  <testcase name="test_01" time="232.695" classname="com.browserstack.suite.SuiteAddABillAndAPay"/>
</testsuite> <!-- com.browserstack.suite.SuiteAddABillAndAPay -->
