<?xml version="1.0" encoding="UTF-8"?>
<!-- Generated by org.testng.reporters.JUnitReportReporter -->
<testsuite hostname="DESKTOP-GVPH1DS" name="com.browserstack.suite.SuiteAddARecurrentPay" tests="1" failures="0" timestamp="8 Aug 2018 08:11:49 GMT" time="221.768" errors="0">
  <testcase name="test_01" time="221.768" classname="com.browserstack.suite.SuiteAddARecurrentPay"/>
</testsuite> <!-- com.browserstack.suite.SuiteAddARecurrentPay -->
